[2023-09-24T16:47:08.008Z] [org.springframework.boot.StartupInfoLogger] [main] [55] [INFO ] Starting ProductApplication using Java 18 on MSI with PID 11712 (D:\weekly project\Product\target\classes started by Neeraj verma in D:\weekly project\Product)
[2023-09-24T16:47:08.008Z] [org.springframework.boot.SpringApplication] [main] [631] [INFO ] No active profile set, falling back to 1 default profile: "default"
[2023-09-24T16:47:09.009Z] [org.springframework.data.repository.config.RepositoryConfigurationDelegate] [main] [132] [INFO ] Bootstrapping Spring Data JPA repositories in DEFAULT mode.
[2023-09-24T16:47:09.009Z] [org.springframework.data.repository.config.RepositoryConfigurationDelegate] [main] [201] [INFO ] Finished Spring Data repository scanning in 37 ms. Found 1 JPA repository interfaces.
[2023-09-24T16:47:09.009Z] [org.springframework.boot.web.embedded.tomcat.TomcatWebServer] [main] [108] [INFO ] Tomcat initialized with port(s): 8091 (http)
[2023-09-24T16:47:09.009Z] [org.apache.juli.logging.DirectJDKLog] [main] [173] [INFO ] Initializing ProtocolHandler ["http-nio-8091"]
[2023-09-24T16:47:09.009Z] [org.apache.juli.logging.DirectJDKLog] [main] [173] [INFO ] Starting service [Tomcat]
[2023-09-24T16:47:09.009Z] [org.apache.juli.logging.DirectJDKLog] [main] [173] [INFO ] Starting Servlet engine: [Apache Tomcat/9.0.79]
[2023-09-24T16:47:09.009Z] [org.apache.juli.logging.DirectJDKLog] [main] [173] [INFO ] Initializing Spring embedded WebApplicationContext
[2023-09-24T16:47:09.009Z] [org.springframework.boot.web.servlet.context.ServletWebServerApplicationContext] [main] [292] [INFO ] Root WebApplicationContext: initialization completed in 993 ms
[2023-09-24T16:47:09.009Z] [com.zaxxer.hikari.HikariDataSource] [main] [110] [INFO ] HikariPool-1 - Starting...
[2023-09-24T16:47:10.010Z] [com.zaxxer.hikari.HikariDataSource] [main] [123] [INFO ] HikariPool-1 - Start completed.
[2023-09-24T16:47:10.010Z] [org.springframework.boot.autoconfigure.h2.H2ConsoleAutoConfiguration] [main] [98] [INFO ] H2 console available at '/h2-console'. Database available at 'jdbc:h2:mem:testdb'
[2023-09-24T16:47:10.010Z] [org.hibernate.jpa.internal.util.LogHelper] [main] [31] [INFO ] HHH000204: Processing PersistenceUnitInfo [name: default]
[2023-09-24T16:47:10.010Z] [org.hibernate.Version] [main] [44] [INFO ] HHH000412: Hibernate ORM core version 5.6.15.Final
[2023-09-24T16:47:10.010Z] [org.hibernate.annotations.common.reflection.java.JavaReflectionManager] [main] [56] [INFO ] HCANN000001: Hibernate Commons Annotations {5.1.2.Final}
[2023-09-24T16:47:10.010Z] [org.hibernate.dialect.Dialect] [main] [175] [INFO ] HHH000400: Using dialect: org.hibernate.dialect.H2Dialect
[2023-09-24T16:47:10.010Z] [org.hibernate.engine.transaction.jta.platform.internal.JtaPlatformInitiator] [main] [52] [INFO ] HHH000490: Using JtaPlatform implementation: [org.hibernate.engine.transaction.jta.platform.internal.NoJtaPlatform]
[2023-09-24T16:47:10.010Z] [org.springframework.orm.jpa.AbstractEntityManagerFactoryBean] [main] [437] [INFO ] Initialized JPA EntityManagerFactory for persistence unit 'default'
[2023-09-24T16:47:11.011Z] [org.springframework.boot.autoconfigure.orm.jpa.JpaBaseConfiguration$JpaWebConfiguration] [main] [223] [WARN ] spring.jpa.open-in-view is enabled by default. Therefore, database queries may be performed during view rendering. Explicitly configure spring.jpa.open-in-view to disable this warning
[2023-09-24T16:47:11.011Z] [org.apache.juli.logging.DirectJDKLog] [main] [173] [INFO ] Starting ProtocolHandler ["http-nio-8091"]
[2023-09-24T16:47:11.011Z] [org.springframework.boot.web.embedded.tomcat.TomcatWebServer] [main] [220] [INFO ] Tomcat started on port(s): 8091 (http) with context path ''
[2023-09-24T16:47:11.011Z] [org.springframework.boot.StartupInfoLogger] [main] [61] [INFO ] Started ProductApplication in 2.657 seconds (JVM running for 3.516)
[2023-09-24T16:49:41.041Z] [org.apache.juli.logging.DirectJDKLog] [http-nio-8091-exec-2] [173] [INFO ] Initializing Spring DispatcherServlet 'dispatcherServlet'
[2023-09-24T16:49:41.041Z] [org.springframework.web.servlet.FrameworkServlet] [http-nio-8091-exec-2] [525] [INFO ] Initializing Servlet 'dispatcherServlet'
[2023-09-24T16:49:41.041Z] [org.springframework.web.servlet.FrameworkServlet] [http-nio-8091-exec-2] [547] [INFO ] Completed initialization in 2 ms
[2023-09-24T16:49:42.042Z] [com.sica.Product.Service.ServiceProduct] [http-nio-8091-exec-2] [25] [INFO ] EntityProduct [id=1, name=neeraj, price=34556, quantity=34]
[2023-09-30T06:19:42.042Z] [org.springframework.test.context.support.AbstractTestContextBootstrapper] [main] [305] [INFO ] Neither @ContextConfiguration nor @ContextHierarchy found for test class [com.sica.Product.ProductApplicationTests], using SpringBootContextLoader
[2023-09-30T06:19:42.042Z] [org.springframework.test.context.support.AbstractContextLoader] [main] [264] [INFO ] Could not detect default resource locations for test class [com.sica.Product.ProductApplicationTests]: no resource found for suffixes {-context.xml, Context.groovy}.
[2023-09-30T06:19:42.042Z] [org.springframework.test.context.support.AnnotationConfigContextLoaderUtils] [main] [83] [INFO ] Could not detect default configuration classes for test class [com.sica.Product.ProductApplicationTests]: ProductApplicationTests does not declare any static, non-private, non-final, nested classes annotated with @Configuration.
[2023-09-30T06:19:42.042Z] [org.springframework.boot.test.context.SpringBootTestContextBootstrapper] [main] [239] [INFO ] Found @SpringBootConfiguration com.sica.Product.ProductApplication for test class com.sica.Product.ProductApplicationTests
[2023-09-30T06:19:42.042Z] [org.springframework.test.context.support.AbstractTestContextBootstrapper] [main] [245] [INFO ] Loaded default TestExecutionListener class names from location [META-INF/spring.factories]: [org.springframework.boot.test.mock.mockito.MockitoTestExecutionListener, org.springframework.boot.test.mock.mockito.ResetMocksTestExecutionListener, org.springframework.boot.test.autoconfigure.restdocs.RestDocsTestExecutionListener, org.springframework.boot.test.autoconfigure.web.client.MockRestServiceServerResetTestExecutionListener, org.springframework.boot.test.autoconfigure.web.servlet.MockMvcPrintOnlyOnFailureTestExecutionListener, org.springframework.boot.test.autoconfigure.web.servlet.WebDriverTestExecutionListener, org.springframework.boot.test.autoconfigure.webservices.client.MockWebServiceServerTestExecutionListener, org.springframework.test.context.web.ServletTestExecutionListener, org.springframework.test.context.support.DirtiesContextBeforeModesTestExecutionListener, org.springframework.test.context.event.ApplicationEventsTestExecutionListener, org.springframework.test.context.support.DependencyInjectionTestExecutionListener, org.springframework.test.context.support.DirtiesContextTestExecutionListener, org.springframework.test.context.transaction.TransactionalTestExecutionListener, org.springframework.test.context.jdbc.SqlScriptsTestExecutionListener, org.springframework.test.context.event.EventPublishingTestExecutionListener]
[2023-09-30T06:19:42.042Z] [org.springframework.test.context.support.AbstractTestContextBootstrapper] [main] [174] [INFO ] Using TestExecutionListeners: [org.springframework.test.context.web.ServletTestExecutionListener@51972dc7, org.springframework.test.context.support.DirtiesContextBeforeModesTestExecutionListener@3700ec9c, org.springframework.test.context.event.ApplicationEventsTestExecutionListener@2002348, org.springframework.boot.test.mock.mockito.MockitoTestExecutionListener@5911e990, org.springframework.boot.test.autoconfigure.SpringBootDependencyInjectionTestExecutionListener@31000e60, org.springframework.test.context.support.DirtiesContextTestExecutionListener@1d470d0, org.springframework.test.context.transaction.TransactionalTestExecutionListener@24d09c1, org.springframework.test.context.jdbc.SqlScriptsTestExecutionListener@54c62d71, org.springframework.test.context.event.EventPublishingTestExecutionListener@65045a87, org.springframework.boot.test.mock.mockito.ResetMocksTestExecutionListener@47f4e407, org.springframework.boot.test.autoconfigure.restdocs.RestDocsTestExecutionListener@2d1dee39, org.springframework.boot.test.autoconfigure.web.client.MockRestServiceServerResetTestExecutionListener@48d5f34e, org.springframework.boot.test.autoconfigure.web.servlet.MockMvcPrintOnlyOnFailureTestExecutionListener@fc258b1, org.springframework.boot.test.autoconfigure.web.servlet.WebDriverTestExecutionListener@6ff65192, org.springframework.boot.test.autoconfigure.webservices.client.MockWebServiceServerTestExecutionListener@2dd80673]
[2023-09-30T06:19:43.043Z] [org.springframework.boot.StartupInfoLogger] [main] [55] [INFO ] Starting ProductApplicationTests using Java 18 on MSI with PID 8424 (started by Neeraj verma in D:\weekly project\Product)
[2023-09-30T06:19:43.043Z] [org.springframework.boot.SpringApplication] [main] [631] [INFO ] No active profile set, falling back to 1 default profile: "default"
[2023-09-30T06:19:43.043Z] [org.springframework.data.repository.config.RepositoryConfigurationDelegate] [main] [132] [INFO ] Bootstrapping Spring Data JPA repositories in DEFAULT mode.
[2023-09-30T06:19:43.043Z] [org.springframework.data.repository.config.RepositoryConfigurationDelegate] [main] [201] [INFO ] Finished Spring Data repository scanning in 41 ms. Found 1 JPA repository interfaces.
[2023-09-30T06:19:43.043Z] [com.zaxxer.hikari.HikariDataSource] [main] [110] [INFO ] HikariPool-1 - Starting...
[2023-09-30T06:19:44.044Z] [com.zaxxer.hikari.HikariDataSource] [main] [123] [INFO ] HikariPool-1 - Start completed.
[2023-09-30T06:19:44.044Z] [org.hibernate.jpa.internal.util.LogHelper] [main] [31] [INFO ] HHH000204: Processing PersistenceUnitInfo [name: default]
[2023-09-30T06:19:44.044Z] [org.hibernate.Version] [main] [44] [INFO ] HHH000412: Hibernate ORM core version 5.6.15.Final
[2023-09-30T06:19:44.044Z] [org.hibernate.annotations.common.reflection.java.JavaReflectionManager] [main] [56] [INFO ] HCANN000001: Hibernate Commons Annotations {5.1.2.Final}
[2023-09-30T06:19:44.044Z] [org.hibernate.dialect.Dialect] [main] [175] [INFO ] HHH000400: Using dialect: org.hibernate.dialect.H2Dialect
[2023-09-30T06:19:44.044Z] [org.hibernate.engine.transaction.jta.platform.internal.JtaPlatformInitiator] [main] [52] [INFO ] HHH000490: Using JtaPlatform implementation: [org.hibernate.engine.transaction.jta.platform.internal.NoJtaPlatform]
[2023-09-30T06:19:44.044Z] [org.springframework.orm.jpa.AbstractEntityManagerFactoryBean] [main] [437] [INFO ] Initialized JPA EntityManagerFactory for persistence unit 'default'
[2023-09-30T06:19:45.045Z] [org.springframework.boot.autoconfigure.orm.jpa.JpaBaseConfiguration$JpaWebConfiguration] [main] [223] [WARN ] spring.jpa.open-in-view is enabled by default. Therefore, database queries may be performed during view rendering. Explicitly configure spring.jpa.open-in-view to disable this warning
[2023-09-30T06:19:45.045Z] [org.springframework.boot.autoconfigure.h2.H2ConsoleAutoConfiguration] [main] [98] [INFO ] H2 console available at '/h2-console'. Database available at 'jdbc:h2:mem:testdb'
[2023-09-30T06:19:45.045Z] [org.springframework.boot.StartupInfoLogger] [main] [61] [INFO ] Started ProductApplicationTests in 2.663 seconds (JVM running for 3.337)
[2023-09-30T06:19:45.045Z] [org.springframework.orm.jpa.AbstractEntityManagerFactoryBean] [SpringApplicationShutdownHook] [651] [INFO ] Closing JPA EntityManagerFactory for persistence unit 'default'
[2023-09-30T06:19:45.045Z] [org.hibernate.tool.schema.internal.SchemaDropperImpl$DelayedDropActionImpl] [SpringApplicationShutdownHook] [538] [INFO ] HHH000477: Starting delayed evictData of schema as part of SessionFactory shut-down'
[2023-09-30T06:19:45.045Z] [org.hibernate.engine.jdbc.spi.SqlExceptionHelper] [SpringApplicationShutdownHook] [137] [WARN ] SQL Error: 90121, SQLState: 90121
[2023-09-30T06:19:45.045Z] [org.hibernate.engine.jdbc.spi.SqlExceptionHelper] [SpringApplicationShutdownHook] [142] [ERROR] Database is already closed (to disable automatic closing at VM shutdown, add ";DB_CLOSE_ON_EXIT=FALSE" to the db URL) [90121-214]
[2023-09-30T06:19:45.045Z] [org.hibernate.engine.jdbc.spi.SqlExceptionHelper] [SpringApplicationShutdownHook] [137] [WARN ] SQL Error: 90121, SQLState: 90121
[2023-09-30T06:19:45.045Z] [org.hibernate.engine.jdbc.spi.SqlExceptionHelper] [SpringApplicationShutdownHook] [142] [ERROR] Database is already closed (to disable automatic closing at VM shutdown, add ";DB_CLOSE_ON_EXIT=FALSE" to the db URL) [90121-214]
[2023-09-30T06:19:45.045Z] [org.springframework.beans.factory.support.DisposableBeanAdapter] [SpringApplicationShutdownHook] [224] [WARN ] Invocation of destroy method failed on bean with name 'entityManagerFactory': org.hibernate.exception.JDBCConnectionException: Unable to release JDBC Connection used for DDL execution
[2023-09-30T06:19:45.045Z] [com.zaxxer.hikari.HikariDataSource] [SpringApplicationShutdownHook] [350] [INFO ] HikariPool-1 - Shutdown initiated...
[2023-09-30T06:19:45.045Z] [com.zaxxer.hikari.HikariDataSource] [SpringApplicationShutdownHook] [352] [INFO ] HikariPool-1 - Shutdown completed.
[2023-10-05T16:16:58.058Z] [org.springframework.boot.StartupInfoLogger] [main] [55] [INFO ] Starting ProductApplication using Java 18 on MSI with PID 8460 (D:\weekly project\Product\target\classes started by Neeraj verma in D:\weekly project\Product)
[2023-10-05T16:17:00.000Z] [org.springframework.boot.SpringApplication] [main] [631] [INFO ] No active profile set, falling back to 1 default profile: "default"
[2023-10-05T16:17:01.001Z] [org.springframework.data.repository.config.RepositoryConfigurationDelegate] [main] [132] [INFO ] Bootstrapping Spring Data JPA repositories in DEFAULT mode.
[2023-10-05T16:17:01.001Z] [org.springframework.data.repository.config.RepositoryConfigurationDelegate] [main] [201] [INFO ] Finished Spring Data repository scanning in 28 ms. Found 1 JPA repository interfaces.
[2023-10-05T16:17:01.001Z] [org.springframework.boot.web.embedded.tomcat.TomcatWebServer] [main] [108] [INFO ] Tomcat initialized with port(s): 8091 (http)
[2023-10-05T16:17:01.001Z] [org.apache.juli.logging.DirectJDKLog] [main] [173] [INFO ] Initializing ProtocolHandler ["http-nio-8091"]
[2023-10-05T16:17:01.001Z] [org.apache.juli.logging.DirectJDKLog] [main] [173] [INFO ] Starting service [Tomcat]
[2023-10-05T16:17:01.001Z] [org.apache.juli.logging.DirectJDKLog] [main] [173] [INFO ] Starting Servlet engine: [Apache Tomcat/9.0.79]
[2023-10-05T16:17:01.001Z] [org.apache.juli.logging.DirectJDKLog] [main] [173] [INFO ] Initializing Spring embedded WebApplicationContext
[2023-10-05T16:17:01.001Z] [org.springframework.boot.web.servlet.context.ServletWebServerApplicationContext] [main] [292] [INFO ] Root WebApplicationContext: initialization completed in 969 ms
[2023-10-05T16:17:01.001Z] [com.zaxxer.hikari.HikariDataSource] [main] [110] [INFO ] HikariPool-1 - Starting...
[2023-10-05T16:17:01.001Z] [com.zaxxer.hikari.HikariDataSource] [main] [123] [INFO ] HikariPool-1 - Start completed.
[2023-10-05T16:17:01.001Z] [org.springframework.boot.autoconfigure.h2.H2ConsoleAutoConfiguration] [main] [98] [INFO ] H2 console available at '/h2-console'. Database available at 'jdbc:h2:mem:testdb'
[2023-10-05T16:17:01.001Z] [org.hibernate.jpa.internal.util.LogHelper] [main] [31] [INFO ] HHH000204: Processing PersistenceUnitInfo [name: default]
[2023-10-05T16:17:01.001Z] [org.hibernate.Version] [main] [44] [INFO ] HHH000412: Hibernate ORM core version 5.6.15.Final
[2023-10-05T16:17:02.002Z] [org.hibernate.annotations.common.reflection.java.JavaReflectionManager] [main] [56] [INFO ] HCANN000001: Hibernate Commons Annotations {5.1.2.Final}
[2023-10-05T16:17:02.002Z] [org.hibernate.dialect.Dialect] [main] [175] [INFO ] HHH000400: Using dialect: org.hibernate.dialect.H2Dialect
[2023-10-05T16:17:02.002Z] [org.hibernate.engine.transaction.jta.platform.internal.JtaPlatformInitiator] [main] [52] [INFO ] HHH000490: Using JtaPlatform implementation: [org.hibernate.engine.transaction.jta.platform.internal.NoJtaPlatform]
[2023-10-05T16:17:02.002Z] [org.springframework.orm.jpa.AbstractEntityManagerFactoryBean] [main] [437] [INFO ] Initialized JPA EntityManagerFactory for persistence unit 'default'
[2023-10-05T16:17:02.002Z] [org.springframework.boot.autoconfigure.orm.jpa.JpaBaseConfiguration$JpaWebConfiguration] [main] [223] [WARN ] spring.jpa.open-in-view is enabled by default. Therefore, database queries may be performed during view rendering. Explicitly configure spring.jpa.open-in-view to disable this warning
[2023-10-05T16:17:03.003Z] [org.apache.juli.logging.DirectJDKLog] [main] [173] [INFO ] Starting ProtocolHandler ["http-nio-8091"]
[2023-10-05T16:17:03.003Z] [org.springframework.boot.web.embedded.tomcat.TomcatWebServer] [main] [220] [INFO ] Tomcat started on port(s): 8091 (http) with context path ''
[2023-10-05T16:17:03.003Z] [org.springframework.boot.StartupInfoLogger] [main] [61] [INFO ] Started ProductApplication in 4.347 seconds (JVM running for 4.691)
